[2.473s] Invoking command in '/home/adam/robot_utilities_ws/RobotUtilities/src/RTABMap_custom': PYTHONPATH=/home/adam/robot_utilities_ws/RobotUtilities/build/RTABMap_custom/prefix_override:/usr/lib/python3/dist-packages/colcon_core/task/python/colcon_distutils_commands:/home/adam/robot_utilities_ws/RobotUtilities/install/RTABMap_custom/lib/python3.10/site-packages:${PYTHONPATH} /usr/bin/python3 -W ignore:setup.py install is deprecated -W ignore:easy_install command is deprecated setup.py egg_info --egg-base ../../build/RTABMap_custom build --build-base /home/adam/robot_utilities_ws/RobotUtilities/build/RTABMap_custom/build install --record /home/adam/robot_utilities_ws/RobotUtilities/build/RTABMap_custom/install.log --single-version-externally-managed install_data
[2.553s] running egg_info
[2.553s] writing ../../build/RTABMap_custom/RTABMap_custom.egg-info/PKG-INFO
[2.553s] writing dependency_links to ../../build/RTABMap_custom/RTABMap_custom.egg-info/dependency_links.txt
[2.554s] writing entry points to ../../build/RTABMap_custom/RTABMap_custom.egg-info/entry_points.txt
[2.558s] writing requirements to ../../build/RTABMap_custom/RTABMap_custom.egg-info/requires.txt
[2.558s] writing top-level names to ../../build/RTABMap_custom/RTABMap_custom.egg-info/top_level.txt
[2.558s] reading manifest file '../../build/RTABMap_custom/RTABMap_custom.egg-info/SOURCES.txt'
[2.558s] adding license file 'LICENSE'
[2.558s] writing manifest file '../../build/RTABMap_custom/RTABMap_custom.egg-info/SOURCES.txt'
[2.565s] running build
[2.566s] running build_py
[2.566s] running install
[2.566s] running install_lib
[2.566s] running install_data
[2.566s] running install_egg_info
[2.567s] removing '/home/adam/robot_utilities_ws/RobotUtilities/install/RTABMap_custom/lib/python3.10/site-packages/RTABMap_custom-0.0.0-py3.10.egg-info' (and everything under it)
[2.567s] Copying ../../build/RTABMap_custom/RTABMap_custom.egg-info to /home/adam/robot_utilities_ws/RobotUtilities/install/RTABMap_custom/lib/python3.10/site-packages/RTABMap_custom-0.0.0-py3.10.egg-info
[2.567s] running install_scripts
[2.607s] writing list of installed files to '/home/adam/robot_utilities_ws/RobotUtilities/build/RTABMap_custom/install.log'
[2.781s] Invoked command in '/home/adam/robot_utilities_ws/RobotUtilities/src/RTABMap_custom' returned '0': PYTHONPATH=/home/adam/robot_utilities_ws/RobotUtilities/build/RTABMap_custom/prefix_override:/usr/lib/python3/dist-packages/colcon_core/task/python/colcon_distutils_commands:/home/adam/robot_utilities_ws/RobotUtilities/install/RTABMap_custom/lib/python3.10/site-packages:${PYTHONPATH} /usr/bin/python3 -W ignore:setup.py install is deprecated -W ignore:easy_install command is deprecated setup.py egg_info --egg-base ../../build/RTABMap_custom build --build-base /home/adam/robot_utilities_ws/RobotUtilities/build/RTABMap_custom/build install --record /home/adam/robot_utilities_ws/RobotUtilities/build/RTABMap_custom/install.log --single-version-externally-managed install_data
