running egg_info
creating ../../build/RTABMap_custom/RTABMap_custom.egg-info
writing ../../build/RTABMap_custom/RTABMap_custom.egg-info/PKG-INFO
writing dependency_links to ../../build/RTABMap_custom/RTABMap_custom.egg-info/dependency_links.txt
writing entry points to ../../build/RTABMap_custom/RTABMap_custom.egg-info/entry_points.txt
writing requirements to ../../build/RTABMap_custom/RTABMap_custom.egg-info/requires.txt
writing top-level names to ../../build/RTABMap_custom/RTABMap_custom.egg-info/top_level.txt
writing manifest file '../../build/RTABMap_custom/RTABMap_custom.egg-info/SOURCES.txt'
reading manifest file '../../build/RTABMap_custom/RTABMap_custom.egg-info/SOURCES.txt'
adding license file 'LICENSE'
writing manifest file '../../build/RTABMap_custom/RTABMap_custom.egg-info/SOURCES.txt'
running build
running build_py
creating /home/adam/robot_utilities_ws/RobotUtilities/build/RTABMap_custom/build
creating /home/adam/robot_utilities_ws/RobotUtilities/build/RTABMap_custom/build/lib
creating /home/adam/robot_utilities_ws/RobotUtilities/build/RTABMap_custom/build/lib/RTABMap_custom
copying RTABMap_custom/__init__.py -> /home/adam/robot_utilities_ws/RobotUtilities/build/RTABMap_custom/build/lib/RTABMap_custom
running install
running install_lib
creating /home/adam/robot_utilities_ws/RobotUtilities/install/RTABMap_custom/lib/python3.10/site-packages/RTABMap_custom
copying /home/adam/robot_utilities_ws/RobotUtilities/build/RTABMap_custom/build/lib/RTABMap_custom/__init__.py -> /home/adam/robot_utilities_ws/RobotUtilities/install/RTABMap_custom/lib/python3.10/site-packages/RTABMap_custom
byte-compiling /home/adam/robot_utilities_ws/RobotUtilities/install/RTABMap_custom/lib/python3.10/site-packages/RTABMap_custom/__init__.py to __init__.cpython-310.pyc
running install_data
creating /home/adam/robot_utilities_ws/RobotUtilities/install/RTABMap_custom/share/ament_index
creating /home/adam/robot_utilities_ws/RobotUtilities/install/RTABMap_custom/share/ament_index/resource_index
creating /home/adam/robot_utilities_ws/RobotUtilities/install/RTABMap_custom/share/ament_index/resource_index/packages
copying resource/RTABMap_custom -> /home/adam/robot_utilities_ws/RobotUtilities/install/RTABMap_custom/share/ament_index/resource_index/packages
copying package.xml -> /home/adam/robot_utilities_ws/RobotUtilities/install/RTABMap_custom/share/RTABMap_custom
running install_egg_info
Copying ../../build/RTABMap_custom/RTABMap_custom.egg-info to /home/adam/robot_utilities_ws/RobotUtilities/install/RTABMap_custom/lib/python3.10/site-packages/RTABMap_custom-0.0.0-py3.10.egg-info
running install_scripts
writing list of installed files to '/home/adam/robot_utilities_ws/RobotUtilities/build/RTABMap_custom/install.log'
