[1.810s] Invoking command in '/home/adam/robot_utilities_ws/RobotUtilities/src/Rviz_Clearpath_custom': PYTHONPATH=/home/adam/robot_utilities_ws/RobotUtilities/build/Rviz_Clearpath_custom/prefix_override:/usr/lib/python3/dist-packages/colcon_core/task/python/colcon_distutils_commands:/home/adam/robot_utilities_ws/RobotUtilities/install/Rviz_Clearpath_custom/lib/python3.10/site-packages:${PYTHONPATH} /usr/bin/python3 -W ignore:setup.py install is deprecated -W ignore:easy_install command is deprecated setup.py egg_info --egg-base ../../build/Rviz_Clearpath_custom build --build-base /home/adam/robot_utilities_ws/RobotUtilities/build/Rviz_Clearpath_custom/build install --record /home/adam/robot_utilities_ws/RobotUtilities/build/Rviz_Clearpath_custom/install.log --single-version-externally-managed install_data
[2.089s] running egg_info
[2.089s] writing ../../build/Rviz_Clearpath_custom/Rviz_Clearpath_custom.egg-info/PKG-INFO
[2.123s] writing dependency_links to ../../build/Rviz_Clearpath_custom/Rviz_Clearpath_custom.egg-info/dependency_links.txt
[2.130s] writing entry points to ../../build/Rviz_Clearpath_custom/Rviz_Clearpath_custom.egg-info/entry_points.txt
[2.130s] writing requirements to ../../build/Rviz_Clearpath_custom/Rviz_Clearpath_custom.egg-info/requires.txt
[2.130s] writing top-level names to ../../build/Rviz_Clearpath_custom/Rviz_Clearpath_custom.egg-info/top_level.txt
[2.130s] reading manifest file '../../build/Rviz_Clearpath_custom/Rviz_Clearpath_custom.egg-info/SOURCES.txt'
[2.131s] adding license file 'LICENSE'
[2.132s] writing manifest file '../../build/Rviz_Clearpath_custom/Rviz_Clearpath_custom.egg-info/SOURCES.txt'
[2.133s] running build
[2.133s] running build_py
[2.135s] running install
[2.135s] running install_lib
[2.144s] running install_data
[2.144s] running install_egg_info
[2.151s] removing '/home/adam/robot_utilities_ws/RobotUtilities/install/Rviz_Clearpath_custom/lib/python3.10/site-packages/Rviz_Clearpath_custom-0.0.0-py3.10.egg-info' (and everything under it)
[2.161s] Copying ../../build/Rviz_Clearpath_custom/Rviz_Clearpath_custom.egg-info to /home/adam/robot_utilities_ws/RobotUtilities/install/Rviz_Clearpath_custom/lib/python3.10/site-packages/Rviz_Clearpath_custom-0.0.0-py3.10.egg-info
[2.161s] running install_scripts
[2.221s] writing list of installed files to '/home/adam/robot_utilities_ws/RobotUtilities/build/Rviz_Clearpath_custom/install.log'
[2.300s] Invoked command in '/home/adam/robot_utilities_ws/RobotUtilities/src/Rviz_Clearpath_custom' returned '0': PYTHONPATH=/home/adam/robot_utilities_ws/RobotUtilities/build/Rviz_Clearpath_custom/prefix_override:/usr/lib/python3/dist-packages/colcon_core/task/python/colcon_distutils_commands:/home/adam/robot_utilities_ws/RobotUtilities/install/Rviz_Clearpath_custom/lib/python3.10/site-packages:${PYTHONPATH} /usr/bin/python3 -W ignore:setup.py install is deprecated -W ignore:easy_install command is deprecated setup.py egg_info --egg-base ../../build/Rviz_Clearpath_custom build --build-base /home/adam/robot_utilities_ws/RobotUtilities/build/Rviz_Clearpath_custom/build install --record /home/adam/robot_utilities_ws/RobotUtilities/build/Rviz_Clearpath_custom/install.log --single-version-externally-managed install_data
