[1.223s] Invoking command in '/home/adam/robot_utilities_ws/RobotUtilities/src/SICK_scan_custom': PYTHONPATH=/home/adam/robot_utilities_ws/RobotUtilities/build/SICK_scan_custom/prefix_override:/usr/lib/python3/dist-packages/colcon_core/task/python/colcon_distutils_commands:/home/adam/robot_utilities_ws/RobotUtilities/install/SICK_scan_custom/lib/python3.10/site-packages:${PYTHONPATH} /usr/bin/python3 -W ignore:setup.py install is deprecated -W ignore:easy_install command is deprecated setup.py egg_info --egg-base ../../build/SICK_scan_custom build --build-base /home/adam/robot_utilities_ws/RobotUtilities/build/SICK_scan_custom/build install --record /home/adam/robot_utilities_ws/RobotUtilities/build/SICK_scan_custom/install.log --single-version-externally-managed install_data
[1.480s] running egg_info
[1.480s] creating ../../build/SICK_scan_custom/SICK_scan_custom.egg-info
[1.497s] writing ../../build/SICK_scan_custom/SICK_scan_custom.egg-info/PKG-INFO
[1.506s] writing dependency_links to ../../build/SICK_scan_custom/SICK_scan_custom.egg-info/dependency_links.txt
[1.506s] writing entry points to ../../build/SICK_scan_custom/SICK_scan_custom.egg-info/entry_points.txt
[1.506s] writing requirements to ../../build/SICK_scan_custom/SICK_scan_custom.egg-info/requires.txt
[1.506s] writing top-level names to ../../build/SICK_scan_custom/SICK_scan_custom.egg-info/top_level.txt
[1.506s] writing manifest file '../../build/SICK_scan_custom/SICK_scan_custom.egg-info/SOURCES.txt'
[1.511s] reading manifest file '../../build/SICK_scan_custom/SICK_scan_custom.egg-info/SOURCES.txt'
[1.513s] adding license file 'LICENSE'
[1.516s] writing manifest file '../../build/SICK_scan_custom/SICK_scan_custom.egg-info/SOURCES.txt'
[1.521s] running build
[1.522s] running build_py
[1.522s] creating /home/adam/robot_utilities_ws/RobotUtilities/build/SICK_scan_custom/build
[1.528s] creating /home/adam/robot_utilities_ws/RobotUtilities/build/SICK_scan_custom/build/lib
[1.528s] creating /home/adam/robot_utilities_ws/RobotUtilities/build/SICK_scan_custom/build/lib/SICK_scan_custom
[1.528s] copying SICK_scan_custom/__init__.py -> /home/adam/robot_utilities_ws/RobotUtilities/build/SICK_scan_custom/build/lib/SICK_scan_custom
[1.529s] running install
[1.530s] running install_lib
[1.531s] creating /home/adam/robot_utilities_ws/RobotUtilities/install/SICK_scan_custom/lib/python3.10/site-packages/SICK_scan_custom
[1.531s] copying /home/adam/robot_utilities_ws/RobotUtilities/build/SICK_scan_custom/build/lib/SICK_scan_custom/__init__.py -> /home/adam/robot_utilities_ws/RobotUtilities/install/SICK_scan_custom/lib/python3.10/site-packages/SICK_scan_custom
[1.531s] byte-compiling /home/adam/robot_utilities_ws/RobotUtilities/install/SICK_scan_custom/lib/python3.10/site-packages/SICK_scan_custom/__init__.py to __init__.cpython-310.pyc
[1.532s] running install_data
[1.532s] creating /home/adam/robot_utilities_ws/RobotUtilities/install/SICK_scan_custom/share/ament_index
[1.534s] creating /home/adam/robot_utilities_ws/RobotUtilities/install/SICK_scan_custom/share/ament_index/resource_index
[1.535s] creating /home/adam/robot_utilities_ws/RobotUtilities/install/SICK_scan_custom/share/ament_index/resource_index/packages
[1.535s] copying resource/SICK_scan_custom -> /home/adam/robot_utilities_ws/RobotUtilities/install/SICK_scan_custom/share/ament_index/resource_index/packages
[1.541s] copying package.xml -> /home/adam/robot_utilities_ws/RobotUtilities/install/SICK_scan_custom/share/SICK_scan_custom
[1.542s] running install_egg_info
[1.542s] Copying ../../build/SICK_scan_custom/SICK_scan_custom.egg-info to /home/adam/robot_utilities_ws/RobotUtilities/install/SICK_scan_custom/lib/python3.10/site-packages/SICK_scan_custom-0.0.0-py3.10.egg-info
[1.542s] running install_scripts
[1.570s] writing list of installed files to '/home/adam/robot_utilities_ws/RobotUtilities/build/SICK_scan_custom/install.log'
[1.601s] Invoked command in '/home/adam/robot_utilities_ws/RobotUtilities/src/SICK_scan_custom' returned '0': PYTHONPATH=/home/adam/robot_utilities_ws/RobotUtilities/build/SICK_scan_custom/prefix_override:/usr/lib/python3/dist-packages/colcon_core/task/python/colcon_distutils_commands:/home/adam/robot_utilities_ws/RobotUtilities/install/SICK_scan_custom/lib/python3.10/site-packages:${PYTHONPATH} /usr/bin/python3 -W ignore:setup.py install is deprecated -W ignore:easy_install command is deprecated setup.py egg_info --egg-base ../../build/SICK_scan_custom build --build-base /home/adam/robot_utilities_ws/RobotUtilities/build/SICK_scan_custom/build install --record /home/adam/robot_utilities_ws/RobotUtilities/build/SICK_scan_custom/install.log --single-version-externally-managed install_data
