[1.990s] Invoking command in '/home/adam/robot_utilities_ws/RobotUtilities/src/Nav2_Clearpath_custom': PYTHONPATH=/home/adam/robot_utilities_ws/RobotUtilities/build/Nav2_Clearpath_custom/prefix_override:/usr/lib/python3/dist-packages/colcon_core/task/python/colcon_distutils_commands:/home/adam/robot_utilities_ws/RobotUtilities/install/Nav2_Clearpath_custom/lib/python3.10/site-packages:${PYTHONPATH} /usr/bin/python3 -W ignore:setup.py install is deprecated -W ignore:easy_install command is deprecated setup.py egg_info --egg-base ../../build/Nav2_Clearpath_custom build --build-base /home/adam/robot_utilities_ws/RobotUtilities/build/Nav2_Clearpath_custom/build install --record /home/adam/robot_utilities_ws/RobotUtilities/build/Nav2_Clearpath_custom/install.log --single-version-externally-managed install_data
[2.255s] running egg_info
[2.276s] creating ../../build/Nav2_Clearpath_custom/Nav2_Clearpath_custom.egg-info
[2.277s] writing ../../build/Nav2_Clearpath_custom/Nav2_Clearpath_custom.egg-info/PKG-INFO
[2.277s] writing dependency_links to ../../build/Nav2_Clearpath_custom/Nav2_Clearpath_custom.egg-info/dependency_links.txt
[2.277s] writing entry points to ../../build/Nav2_Clearpath_custom/Nav2_Clearpath_custom.egg-info/entry_points.txt
[2.277s] writing requirements to ../../build/Nav2_Clearpath_custom/Nav2_Clearpath_custom.egg-info/requires.txt
[2.277s] writing top-level names to ../../build/Nav2_Clearpath_custom/Nav2_Clearpath_custom.egg-info/top_level.txt
[2.279s] writing manifest file '../../build/Nav2_Clearpath_custom/Nav2_Clearpath_custom.egg-info/SOURCES.txt'
[2.285s] reading manifest file '../../build/Nav2_Clearpath_custom/Nav2_Clearpath_custom.egg-info/SOURCES.txt'
[2.291s] adding license file 'LICENSE'
[2.291s] writing manifest file '../../build/Nav2_Clearpath_custom/Nav2_Clearpath_custom.egg-info/SOURCES.txt'
[2.291s] running build
[2.300s] running build_py
[2.301s] creating /home/adam/robot_utilities_ws/RobotUtilities/build/Nav2_Clearpath_custom/build
[2.301s] creating /home/adam/robot_utilities_ws/RobotUtilities/build/Nav2_Clearpath_custom/build/lib
[2.301s] creating /home/adam/robot_utilities_ws/RobotUtilities/build/Nav2_Clearpath_custom/build/lib/Nav2_Clearpath_custom
[2.301s] copying Nav2_Clearpath_custom/__init__.py -> /home/adam/robot_utilities_ws/RobotUtilities/build/Nav2_Clearpath_custom/build/lib/Nav2_Clearpath_custom
[2.308s] running install
[2.309s] running install_lib
[2.309s] creating /home/adam/robot_utilities_ws/RobotUtilities/install/Nav2_Clearpath_custom/lib/python3.10/site-packages/Nav2_Clearpath_custom
[2.309s] copying /home/adam/robot_utilities_ws/RobotUtilities/build/Nav2_Clearpath_custom/build/lib/Nav2_Clearpath_custom/__init__.py -> /home/adam/robot_utilities_ws/RobotUtilities/install/Nav2_Clearpath_custom/lib/python3.10/site-packages/Nav2_Clearpath_custom
[2.309s] byte-compiling /home/adam/robot_utilities_ws/RobotUtilities/install/Nav2_Clearpath_custom/lib/python3.10/site-packages/Nav2_Clearpath_custom/__init__.py to __init__.cpython-310.pyc
[2.310s] running install_data
[2.310s] creating /home/adam/robot_utilities_ws/RobotUtilities/install/Nav2_Clearpath_custom/share/ament_index
[2.310s] creating /home/adam/robot_utilities_ws/RobotUtilities/install/Nav2_Clearpath_custom/share/ament_index/resource_index
[2.310s] creating /home/adam/robot_utilities_ws/RobotUtilities/install/Nav2_Clearpath_custom/share/ament_index/resource_index/packages
[2.310s] copying resource/Nav2_Clearpath_custom -> /home/adam/robot_utilities_ws/RobotUtilities/install/Nav2_Clearpath_custom/share/ament_index/resource_index/packages
[2.311s] copying package.xml -> /home/adam/robot_utilities_ws/RobotUtilities/install/Nav2_Clearpath_custom/share/Nav2_Clearpath_custom
[2.311s] running install_egg_info
[2.317s] Copying ../../build/Nav2_Clearpath_custom/Nav2_Clearpath_custom.egg-info to /home/adam/robot_utilities_ws/RobotUtilities/install/Nav2_Clearpath_custom/lib/python3.10/site-packages/Nav2_Clearpath_custom-0.0.0-py3.10.egg-info
[2.317s] running install_scripts
[2.346s] writing list of installed files to '/home/adam/robot_utilities_ws/RobotUtilities/build/Nav2_Clearpath_custom/install.log'
[2.392s] Invoked command in '/home/adam/robot_utilities_ws/RobotUtilities/src/Nav2_Clearpath_custom' returned '0': PYTHONPATH=/home/adam/robot_utilities_ws/RobotUtilities/build/Nav2_Clearpath_custom/prefix_override:/usr/lib/python3/dist-packages/colcon_core/task/python/colcon_distutils_commands:/home/adam/robot_utilities_ws/RobotUtilities/install/Nav2_Clearpath_custom/lib/python3.10/site-packages:${PYTHONPATH} /usr/bin/python3 -W ignore:setup.py install is deprecated -W ignore:easy_install command is deprecated setup.py egg_info --egg-base ../../build/Nav2_Clearpath_custom build --build-base /home/adam/robot_utilities_ws/RobotUtilities/build/Nav2_Clearpath_custom/build install --record /home/adam/robot_utilities_ws/RobotUtilities/build/Nav2_Clearpath_custom/install.log --single-version-externally-managed install_data
