[2.571s] Invoking command in '/home/adam/robot_utilities_ws/RobotUtilities/src/QoS_forwarder': PYTHONPATH=/home/adam/robot_utilities_ws/RobotUtilities/build/QoS_forwarder/prefix_override:/usr/lib/python3/dist-packages/colcon_core/task/python/colcon_distutils_commands:/home/adam/robot_utilities_ws/RobotUtilities/install/QoS_forwarder/lib/python3.10/site-packages:${PYTHONPATH} /usr/bin/python3 -W ignore:setup.py install is deprecated -W ignore:easy_install command is deprecated setup.py egg_info --egg-base ../../build/QoS_forwarder build --build-base /home/adam/robot_utilities_ws/RobotUtilities/build/QoS_forwarder/build install --record /home/adam/robot_utilities_ws/RobotUtilities/build/QoS_forwarder/install.log --single-version-externally-managed install_data
[2.579s] running egg_info
[2.580s] writing ../../build/QoS_forwarder/QoS_forwarder.egg-info/PKG-INFO
[2.580s] writing dependency_links to ../../build/QoS_forwarder/QoS_forwarder.egg-info/dependency_links.txt
[2.580s] writing entry points to ../../build/QoS_forwarder/QoS_forwarder.egg-info/entry_points.txt
[2.580s] writing requirements to ../../build/QoS_forwarder/QoS_forwarder.egg-info/requires.txt
[2.580s] writing top-level names to ../../build/QoS_forwarder/QoS_forwarder.egg-info/top_level.txt
[2.580s] reading manifest file '../../build/QoS_forwarder/QoS_forwarder.egg-info/SOURCES.txt'
[2.580s] adding license file 'LICENSE'
[2.580s] writing manifest file '../../build/QoS_forwarder/QoS_forwarder.egg-info/SOURCES.txt'
[2.581s] running build
[2.581s] running build_py
[2.581s] running install
[2.581s] running install_lib
[2.581s] running install_data
[2.582s] running install_egg_info
[2.582s] removing '/home/adam/robot_utilities_ws/RobotUtilities/install/QoS_forwarder/lib/python3.10/site-packages/QoS_forwarder-0.0.0-py3.10.egg-info' (and everything under it)
[2.582s] Copying ../../build/QoS_forwarder/QoS_forwarder.egg-info to /home/adam/robot_utilities_ws/RobotUtilities/install/QoS_forwarder/lib/python3.10/site-packages/QoS_forwarder-0.0.0-py3.10.egg-info
[2.583s] running install_scripts
[2.607s] writing list of installed files to '/home/adam/robot_utilities_ws/RobotUtilities/build/QoS_forwarder/install.log'
[2.756s] Invoked command in '/home/adam/robot_utilities_ws/RobotUtilities/src/QoS_forwarder' returned '0': PYTHONPATH=/home/adam/robot_utilities_ws/RobotUtilities/build/QoS_forwarder/prefix_override:/usr/lib/python3/dist-packages/colcon_core/task/python/colcon_distutils_commands:/home/adam/robot_utilities_ws/RobotUtilities/install/QoS_forwarder/lib/python3.10/site-packages:${PYTHONPATH} /usr/bin/python3 -W ignore:setup.py install is deprecated -W ignore:easy_install command is deprecated setup.py egg_info --egg-base ../../build/QoS_forwarder build --build-base /home/adam/robot_utilities_ws/RobotUtilities/build/QoS_forwarder/build install --record /home/adam/robot_utilities_ws/RobotUtilities/build/QoS_forwarder/install.log --single-version-externally-managed install_data
