[1.906s] Invoking command in '/home/adam/robot_utilities_ws/RobotUtilities/src/RealSense_Camera_custom': PYTHONPATH=/home/adam/robot_utilities_ws/RobotUtilities/build/RealSense_Camera_custom/prefix_override:/usr/lib/python3/dist-packages/colcon_core/task/python/colcon_distutils_commands:/home/adam/robot_utilities_ws/RobotUtilities/install/RealSense_Camera_custom/lib/python3.10/site-packages:${PYTHONPATH} /usr/bin/python3 -W ignore:setup.py install is deprecated -W ignore:easy_install command is deprecated setup.py egg_info --egg-base ../../build/RealSense_Camera_custom build --build-base /home/adam/robot_utilities_ws/RobotUtilities/build/RealSense_Camera_custom/build install --record /home/adam/robot_utilities_ws/RobotUtilities/build/RealSense_Camera_custom/install.log --single-version-externally-managed install_data
[2.242s] running egg_info
[2.245s] creating ../../build/RealSense_Camera_custom/RealSense_Camera_custom.egg-info
[2.246s] writing ../../build/RealSense_Camera_custom/RealSense_Camera_custom.egg-info/PKG-INFO
[2.247s] writing dependency_links to ../../build/RealSense_Camera_custom/RealSense_Camera_custom.egg-info/dependency_links.txt
[2.247s] writing entry points to ../../build/RealSense_Camera_custom/RealSense_Camera_custom.egg-info/entry_points.txt
[2.247s] writing requirements to ../../build/RealSense_Camera_custom/RealSense_Camera_custom.egg-info/requires.txt
[2.248s] writing top-level names to ../../build/RealSense_Camera_custom/RealSense_Camera_custom.egg-info/top_level.txt
[2.250s] writing manifest file '../../build/RealSense_Camera_custom/RealSense_Camera_custom.egg-info/SOURCES.txt'
[2.263s] reading manifest file '../../build/RealSense_Camera_custom/RealSense_Camera_custom.egg-info/SOURCES.txt'
[2.263s] adding license file 'LICENSE'
[2.263s] writing manifest file '../../build/RealSense_Camera_custom/RealSense_Camera_custom.egg-info/SOURCES.txt'
[2.263s] running build
[2.263s] running build_py
[2.263s] creating /home/adam/robot_utilities_ws/RobotUtilities/build/RealSense_Camera_custom/build
[2.264s] creating /home/adam/robot_utilities_ws/RobotUtilities/build/RealSense_Camera_custom/build/lib
[2.264s] creating /home/adam/robot_utilities_ws/RobotUtilities/build/RealSense_Camera_custom/build/lib/RealSense_Camera_custom
[2.264s] copying RealSense_Camera_custom/__init__.py -> /home/adam/robot_utilities_ws/RobotUtilities/build/RealSense_Camera_custom/build/lib/RealSense_Camera_custom
[2.264s] running install
[2.268s] running install_lib
[2.269s] creating /home/adam/robot_utilities_ws/RobotUtilities/install/RealSense_Camera_custom/lib/python3.10/site-packages/RealSense_Camera_custom
[2.269s] copying /home/adam/robot_utilities_ws/RobotUtilities/build/RealSense_Camera_custom/build/lib/RealSense_Camera_custom/__init__.py -> /home/adam/robot_utilities_ws/RobotUtilities/install/RealSense_Camera_custom/lib/python3.10/site-packages/RealSense_Camera_custom
[2.269s] byte-compiling /home/adam/robot_utilities_ws/RobotUtilities/install/RealSense_Camera_custom/lib/python3.10/site-packages/RealSense_Camera_custom/__init__.py to __init__.cpython-310.pyc
[2.269s] running install_data
[2.270s] creating /home/adam/robot_utilities_ws/RobotUtilities/install/RealSense_Camera_custom/share/ament_index
[2.270s] creating /home/adam/robot_utilities_ws/RobotUtilities/install/RealSense_Camera_custom/share/ament_index/resource_index
[2.270s] creating /home/adam/robot_utilities_ws/RobotUtilities/install/RealSense_Camera_custom/share/ament_index/resource_index/packages
[2.270s] copying resource/RealSense_Camera_custom -> /home/adam/robot_utilities_ws/RobotUtilities/install/RealSense_Camera_custom/share/ament_index/resource_index/packages
[2.270s] copying package.xml -> /home/adam/robot_utilities_ws/RobotUtilities/install/RealSense_Camera_custom/share/RealSense_Camera_custom
[2.270s] running install_egg_info
[2.271s] Copying ../../build/RealSense_Camera_custom/RealSense_Camera_custom.egg-info to /home/adam/robot_utilities_ws/RobotUtilities/install/RealSense_Camera_custom/lib/python3.10/site-packages/RealSense_Camera_custom-0.0.0-py3.10.egg-info
[2.271s] running install_scripts
[2.304s] writing list of installed files to '/home/adam/robot_utilities_ws/RobotUtilities/build/RealSense_Camera_custom/install.log'
[2.411s] Invoked command in '/home/adam/robot_utilities_ws/RobotUtilities/src/RealSense_Camera_custom' returned '0': PYTHONPATH=/home/adam/robot_utilities_ws/RobotUtilities/build/RealSense_Camera_custom/prefix_override:/usr/lib/python3/dist-packages/colcon_core/task/python/colcon_distutils_commands:/home/adam/robot_utilities_ws/RobotUtilities/install/RealSense_Camera_custom/lib/python3.10/site-packages:${PYTHONPATH} /usr/bin/python3 -W ignore:setup.py install is deprecated -W ignore:easy_install command is deprecated setup.py egg_info --egg-base ../../build/RealSense_Camera_custom build --build-base /home/adam/robot_utilities_ws/RobotUtilities/build/RealSense_Camera_custom/build install --record /home/adam/robot_utilities_ws/RobotUtilities/build/RealSense_Camera_custom/install.log --single-version-externally-managed install_data
