running egg_info
creating ../../build/QoS_forwarder/QoS_forwarder.egg-info
writing ../../build/QoS_forwarder/QoS_forwarder.egg-info/PKG-INFO
writing dependency_links to ../../build/QoS_forwarder/QoS_forwarder.egg-info/dependency_links.txt
writing entry points to ../../build/QoS_forwarder/QoS_forwarder.egg-info/entry_points.txt
writing requirements to ../../build/QoS_forwarder/QoS_forwarder.egg-info/requires.txt
writing top-level names to ../../build/QoS_forwarder/QoS_forwarder.egg-info/top_level.txt
writing manifest file '../../build/QoS_forwarder/QoS_forwarder.egg-info/SOURCES.txt'
reading manifest file '../../build/QoS_forwarder/QoS_forwarder.egg-info/SOURCES.txt'
adding license file 'LICENSE'
writing manifest file '../../build/QoS_forwarder/QoS_forwarder.egg-info/SOURCES.txt'
running build
running build_py
creating /home/adam/robot_utilities_ws/RobotUtilities/build/QoS_forwarder/build
creating /home/adam/robot_utilities_ws/RobotUtilities/build/QoS_forwarder/build/lib
creating /home/adam/robot_utilities_ws/RobotUtilities/build/QoS_forwarder/build/lib/QoS_forwarder
copying QoS_forwarder/__init__.py -> /home/adam/robot_utilities_ws/RobotUtilities/build/QoS_forwarder/build/lib/QoS_forwarder
running install
running install_lib
creating /home/adam/robot_utilities_ws/RobotUtilities/install/QoS_forwarder/lib/python3.10/site-packages/QoS_forwarder
copying /home/adam/robot_utilities_ws/RobotUtilities/build/QoS_forwarder/build/lib/QoS_forwarder/__init__.py -> /home/adam/robot_utilities_ws/RobotUtilities/install/QoS_forwarder/lib/python3.10/site-packages/QoS_forwarder
byte-compiling /home/adam/robot_utilities_ws/RobotUtilities/install/QoS_forwarder/lib/python3.10/site-packages/QoS_forwarder/__init__.py to __init__.cpython-310.pyc
running install_data
creating /home/adam/robot_utilities_ws/RobotUtilities/install/QoS_forwarder/share/ament_index
creating /home/adam/robot_utilities_ws/RobotUtilities/install/QoS_forwarder/share/ament_index/resource_index
creating /home/adam/robot_utilities_ws/RobotUtilities/install/QoS_forwarder/share/ament_index/resource_index/packages
copying resource/QoS_forwarder -> /home/adam/robot_utilities_ws/RobotUtilities/install/QoS_forwarder/share/ament_index/resource_index/packages
copying package.xml -> /home/adam/robot_utilities_ws/RobotUtilities/install/QoS_forwarder/share/QoS_forwarder
running install_egg_info
Copying ../../build/QoS_forwarder/QoS_forwarder.egg-info to /home/adam/robot_utilities_ws/RobotUtilities/install/QoS_forwarder/lib/python3.10/site-packages/QoS_forwarder-0.0.0-py3.10.egg-info
running install_scripts
writing list of installed files to '/home/adam/robot_utilities_ws/RobotUtilities/build/QoS_forwarder/install.log'
